[UCTE] Starting websocket + transaction worker + shop snapshot loop
[UCTE] Connecting to economy websocket
[UCTE] Fetching shop snapshot
[UCTE] Websocket connected
[UCTE] raw ws message: {"hello-from-eco-v1":1773618184199}
[UCTE] Queued 4646 shops
[UCTE] Attempting single bulk upload of shops to UTCON
[UCTE] Snapshot pushed (single request)
[UCTE] Next shop snapshot in 3000s
[UCTE] raw ws message: {"event":"ping","timestamp":1773618196323,"data":true}
[UCTE] raw ws message: {"event":"ping","timestamp":1773618211323,"data":true}
[UCTE] raw ws message: {"event":"ping","timestamp":1773618226323,"data":true}
[UCTE] raw ws message: {"event":"auctionComplete","timestamp":1773618229149,"data":{"item":{"type":"SHULKER_BOX","quantity":1,"name":"Shulker Box","snbt":"{\"minecraft:container\":[{item:{count:64,id:\"minecraft:packed_ice\"},slot:0},{item:{count:64,id:\"minecraft:packed_ice\"},slot:1},{item:{count:64,id:\"minecraft:packed_ice\"},slot:2},{item:{count:64,id:\"minecraft:packed_ice\"},slot:3},{item:{count:64,id:\"minecraft:packed_ice\"},slot:4},{item:{count:64,id:\"minecraft:packed_ice\"},slot:5},{item:{count:64,id:\"minecraft:packed_ice\"},slot:6},{item:{count:64,id:\"minecraft:packed_ice\"},slot:7},{item:{count:64,id:\"minecraft:packed_ice\"},slot:8},{item:{count:64,id:\"minecraft:packed_ice\"},slot:9},{item:{count:64,id:\"minecraft:packed_ice\"},slot:10},{item:{count:64,id:\"minecraft:packed_ice\"},slot:11},{item:{count:64,id:\"minecraft:packed_ice\"},slot:12},{item:{count:64,id:\"minecraft:packed_ice\"},slot:13},{item:{count:64,id:\"minecraft:packed_ice\"},slot:14},{item:{count:64,id:\"minecraft:packed_ice\"},slot:15},{item:{count:64,id:\"minecraft:packed_ice\"},slot:16},{item:{count:64,id:\"minecraft:packed_ice\"},slot:17},{item:{count:64,id:\"minecraft:packed_ice\"},slot:18},{item:{count:64,id:\"minecraft:packed_ice\"},slot:19},{item:{count:64,id:\"minecraft:packed_ice\"},slot:20},{item:{count:64,id:\"minecraft:packed_ice\"},slot:21},{item:{count:64,id:\"minecraft:packed_ice\"},slot:22},{item:{count:64,id:\"minecraft:packed_ice\"},slot:23},{item:{count:64,id:\"minecraft:packed_ice\"},slot:24},{item:{count:64,id:\"minecraft:packed_ice\"},slot:25},{item:{count:64,id:\"minecraft:packed_ice\"},slot:26}]}","childItems":[{"type":"PACKED_ICE","quantity":64,"name":"Packed Ice","snbt":"{}"},{"type":"PACKED_ICE","quantity":64,"name":"Packed Ice","snbt":"{}"},{"type":"PACKED_ICE","quantity":64,"name":"Packed Ice","snbt":"{}"},{"type":"PACKED_ICE","quantity":64,"name":"Packed Ice","snbt":"{}"},{"type":"PACKED_ICE","quantity":64,"name":"Packed Ice","snbt":"{}"},{"type":"PACKED_ICE","quantity":64,"name":"Packed Ice","snbt":"{}"},{"type":"PACKED_ICE","quantity":64,"name":"Packed Ice","snbt":"{}"},{"type":"PACKED_ICE","quantity":64,"name":"Packed Ice","snbt":"{}"},{"type":"PACKED_ICE","quantity":64,"name":"Packed Ice","snbt":"{}"},{"type":"PACKED_ICE","quantity":64,"name":"Packed Ice","snbt":"{}"},{"type":"PACKED_ICE","quantity":64,"name":"Packed Ice","snbt":"{}"},{"type":"PACKED_ICE","quantity":64,"name":"Packed Ice","snbt":"{}"},{"type":"PACKED_ICE","quantity":64,"name":"Packed Ice","snbt":"{}"},{"type":"PACKED_ICE","quantity":64,"name":"Packed Ice","snbt":"{}"},{"type":"PACKED_ICE","quantity":64,"name":"Packed Ice","snbt":"{}"},{"type":"PACKED_ICE","quantity":64,"name":"Packed Ice","snbt":"{}"},{"type":"PACKED_ICE","quantity":64,"name":"Packed Ice","snbt":"{}"},{"type":"PACKED_ICE","quantity":64,"name":"Packed Ice","snbt":"{}"},{"type":"PACKED_ICE","quantity":64,"name":"Packed Ice","snbt":"{}"},{"type":"PACKED_ICE","quantity":64,"name":"Packed Ice","snbt":"{}"},{"type":"PACKED_ICE","quantity":64,"name":"Packed Ice","snbt":"{}"},{"type":"PACKED_ICE","quantity":64,"name":"Packed Ice","snbt":"{}"},{"type":"PACKED_ICE","quantity":64,"name":"Packed Ice","snbt":"{}"},{"type":"PACKED_ICE","quantity":64,"name":"Packed Ice","snbt":"{}"},{"type":"PACKED_ICE","quantity":64,"name":"Packed Ice","snbt":"{}"},{"type":"PACKED_ICE","quantity":64,"name":"Packed Ice","snbt":"{}"},{"type":"PACKED_ICE","quantity":64,"name":"Packed Ice","snbt":"{}"}]},"amount":1,"finalBid":4.0}}
[UCTE] queued auction tx: {'event_type': 'auction', 'item_type': 'SHULKER_BOX', 'item_name': 'Shulker Box', 'snbt': '{"minecraft:container":[{item:{count:64,id:"minecraft:packed_ice"},slot:0},{item:{count:64,id:"minecraft:packed_ice"},slot:1},{item:{count:64,id:"minecraft:packed_ice"},slot:2},{item:{count:64,id:"minecraft:packed_ice"},slot:3},{item:{count:64,id:"minecraft:packed_ice"},slot:4},{item:{count:64,id:"minecraft:packed_ice"},slot:5},{item:{count:64,id:"minecraft:packed_ice"},slot:6},{item:{count:64,id:"minecraft:packed_ice"},slot:7},{item:{count:64,id:"minecraft:packed_ice"},slot:8},{item:{count:64,id:"minecraft:packed_ice"},slot:9},{item:{count:64,id:"minecraft:packed_ice"},slot:10},{item:{count:64,id:"minecraft:packed_ice"},slot:11},{item:{count:64,id:"minecraft:packed_ice"},slot:12},{item:{count:64,id:"minecraft:packed_ice"},slot:13},{item:{count:64,id:"minecraft:packed_ice"},slot:14},{item:{count:64,id:"minecraft:packed_ice"},slot:15},{item:{count:64,id:"minecraft:packed_ice"},slot:16},{item:{count:64,id:"minecraft:packed_ice"},slot:17},{item:{count:64,id:"minecraft:packed_ice"},slot:18},{item:{count:64,id:"minecraft:packed_ice"},slot:19},{item:{count:64,id:"minecraft:packed_ice"},slot:20},{item:{count:64,id:"minecraft:packed_ice"},slot:21},{item:{count:64,id:"minecraft:packed_ice"},slot:22},{item:{count:64,id:"minecraft:packed_ice"},slot:23},{item:{count:64,id:"minecraft:packed_ice"},slot:24},{item:{count:64,id:"minecraft:packed_ice"},slot:25},{item:{count:64,id:"minecraft:packed_ice"},slot:26}]}', 'quantity': 1.0, 'unit_price': 4.0, 'total_price': 4.0, 'currency_amount': 4.0, 'shop_x': None, 'shop_y': None, 'shop_z': None, 'shop_world': None, 'transaction_type': 'auctionComplete', 'created_at': 1773618229149}
[UCTE] transaction queued for batch, size now 1
[UCTE] flushing partial transaction batch of 1
[UCTE] raw ws message: {"event":"ping","timestamp":1773618241323,"data":true}
[UCTE] raw ws message: {"event":"ping","timestamp":1773618256323,"data":true}
[UCTE] raw ws message: {"event":"auctionComplete","timestamp":1773618264150,"data":{"item":{"type":"AXOLOTL_BUCKET","quantity":1,"name":"Bucket of Axolotl","snbt":"{\"minecraft:axolotl/variant\":\"wild\",\"minecraft:bucket_entity_data\":{Age:0,Health:14.0f}}"},"amount":1,"finalBid":1.0}}
[UCTE] queued auction tx: {'event_type': 'auction', 'item_type': 'AXOLOTL_BUCKET', 'item_name': 'Bucket of Axolotl', 'snbt': '{"minecraft:axolotl/variant":"wild","minecraft:bucket_entity_data":{Age:0,Health:14.0f}}', 'quantity': 1.0, 'unit_price': 1.0, 'total_price': 1.0, 'currency_amount': 1.0, 'shop_x': None, 'shop_y': None, 'shop_z': None, 'shop_world': None, 'transaction_type': 'auctionComplete', 'created_at': 1773618264150}
[UCTE] transaction queued for batch, size now 1
[UCTE] flushing partial transaction batch of 1
[UCTE] raw ws message: {"event":"ping","timestamp":1773618271323,"data":true}
[UCTE] raw ws message: {"event":"ping","timestamp":1773618286323,"data":true}
[UCTE] raw ws message: {"event":"ping","timestamp":1773618301323,"data":true}
